生成启动时间为 2018/6/10 16:47:53。
     1>项目“D:\Documents\GitHub\First\C++-Projects\c++-work-10\c++-work-10\c++-work-10.vcxproj”在节点 2 上(Build 个目标)。
     1>ClCompile:
         D:\VS\VS 2013\VC\bin\CL.exe /c /ZI /nologo /W3 /WX- /sdl /Od /Oy- /D WIN32 /D _DEBUG /D _CONSOLE /D _LIB /D _CRT_SECURE_NO_WARNINGS /D _UNICODE /D UNICODE /Gm /EHsc /RTC1 /MDd /GS /fp:precise /Zc:wchar_t /Zc:forScope /Fo"Debug\\" /Fd"Debug\vc120.pdb" /Gd /TP /analyze- /errorReport:prompt C.cpp E.cpp
         E.cpp
     1>d:\documents\github\first\c++-projects\c++-work-10\c++-work-10\e.cpp(28): error C2143: 语法错误 : 缺少“}”(在“if”的前面)
     1>d:\documents\github\first\c++-projects\c++-work-10\c++-work-10\e.cpp(28): error C2064: 项不会计算为接受 1 个参数的函数
     1>d:\documents\github\first\c++-projects\c++-work-10\c++-work-10\e.cpp(28): error C2143: 语法错误 : 缺少“)”(在“if”的前面)
     1>d:\documents\github\first\c++-projects\c++-work-10\c++-work-10\e.cpp(30): error C2181: 没有匹配 if 的非法 else
     1>d:\documents\github\first\c++-projects\c++-work-10\c++-work-10\e.cpp(34): error C2059: 语法错误:“return”
     1>d:\documents\github\first\c++-projects\c++-work-10\c++-work-10\e.cpp(35): error C2059: 语法错误:“}”
     1>d:\documents\github\first\c++-projects\c++-work-10\c++-work-10\e.cpp(35): error C2143: 语法错误 : 缺少“;”(在“}”的前面)
     1>d:\documents\github\first\c++-projects\c++-work-10\c++-work-10\e.cpp(37): error C2143: 语法错误 : 缺少“;”(在“{”的前面)
     1>d:\documents\github\first\c++-projects\c++-work-10\c++-work-10\e.cpp(37): error C2447: “{”: 缺少函数标题(是否是老式的形式表?)
         C.cpp
     1>d:\documents\github\first\c++-projects\c++-work-10\c++-work-10\c.cpp(30): error C2668: “sqrt”: 对重载函数的调用不明确
                 d:\vs\vs 2013\vc\include\math.h(1251): 可能是“long double sqrt(long double) throw()”
                 d:\vs\vs 2013\vc\include\math.h(1135): 或       “float sqrt(float) throw()”
                 d:\vs\vs 2013\vc\include\math.h(521): 或       “double sqrt(double)”
                 尝试匹配参数列表“(int)”时
         正在生成代码...
     1>已完成生成项目“D:\Documents\GitHub\First\C++-Projects\c++-work-10\c++-work-10\c++-work-10.vcxproj”(Build 个目标)的操作 - 失败。

生成失败。

已用时间 00:00:00.50
